block in append_cflags: checking for whether -Wall is accepted as CFLAGS... -------------------- yes

PATH=".;c:/Ruby32-x64/lib;c:\Ruby32-x64\bin;c:\Ruby32-x64\msys64\ucrt64\bin;c:\Ruby32-x64\msys64\usr\bin;C:\Program Files\ImageMagick-7.1.2-Q16-HDRI;C:\windows\system32;C:\windows;C:\windows\System32\Wbem;C:\windows\System32\WindowsPowerShell\v1.0\;C:\windows\System32\OpenSSH\;C:\Program Files (x86)\NVIDIA Corporation\PhysX\Common;C:\Program Files\NVIDIA Corporation\NVIDIA NvDLISR;C:\Users\Administrator\AppData\Local\Microsoft\WindowsApps;C:\Program Files\HP\OMEN-Broadcast\Common;C:\WINDOWS\system32;C:\WINDOWS;C:\WINDOWS\System32\Wbem;C:\WINDOWS\System32\WindowsPowerShell\v1.0\;C:\WINDOWS\System32\OpenSSH\;C:\Program Files\Microsoft SQL Server\Client SDK\ODBC\170\Tools\Binn\;C:\Program Files\dotnet\;C:\Program Files (x86)\Windows Kits\10\Windows Performance Toolkit\;C:\Program Files (x86)\Microsoft SQL Server\160\Tools\Binn\;C:\Program Files\Microsoft SQL Server\160\Tools\Binn\;C:\Program Files\Microsoft SQL Server\160\DTS\Binn\;C:\Program Files (x86)\Gpg4win\..\GnuPG\bin;C:\Program Files\Docker\Docker\resources\bin;C:\Program Files\nodejs\;C:\Program Files\Git\cmd;C:\Ruby32-x64\bin;C:\Users\rocic\AppData\Local\Microsoft\WindowsApps;C:\Users\rocic\.dotnet\tools;C:\Users\rocic\AppData\Roaming\npm;C:\Users\rocic\AppData\Local\Programs\Microsoft VS Code\bin" "gcc -o conftest.exe -Ic:/Ruby32-x64/include/ruby-3.2.0/x64-mingw-ucrt -Ic:/Ruby32-x64/include/ruby-3.2.0/ruby/backward -Ic:/Ruby32-x64/include/ruby-3.2.0 -I.  -DFD_SETSIZE=2048 -D_WIN32_WINNT=0x0600 -D__MINGW_USE_VC2005_COMPAT -D_FILE_OFFSET_BITS=64  -O3 -fno-fast-math -fstack-protector-strong conftest.c  -L. -Lc:/Ruby32-x64/lib -L. -pipe -s -fstack-protector-strong -Wl,--no-as-needed  -m64   -lx64-ucrt-ruby320  -lshell32 -lws2_32 -liphlpapi -limagehlp -lshlwapi -lbcrypt  "
checked program was:
/* begin */
1: #include "ruby.h"
2: 
3: #include <winsock2.h>
4: #include <windows.h>
5: int main(int argc, char **argv)
6: {
7:   return !!argv[argc];
8: }
/* end */

PATH=".;c:/Ruby32-x64/lib;c:\Ruby32-x64\bin;c:\Ruby32-x64\msys64\ucrt64\bin;c:\Ruby32-x64\msys64\usr\bin;C:\Program Files\ImageMagick-7.1.2-Q16-HDRI;C:\windows\system32;C:\windows;C:\windows\System32\Wbem;C:\windows\System32\WindowsPowerShell\v1.0\;C:\windows\System32\OpenSSH\;C:\Program Files (x86)\NVIDIA Corporation\PhysX\Common;C:\Program Files\NVIDIA Corporation\NVIDIA NvDLISR;C:\Users\Administrator\AppData\Local\Microsoft\WindowsApps;C:\Program Files\HP\OMEN-Broadcast\Common;C:\WINDOWS\system32;C:\WINDOWS;C:\WINDOWS\System32\Wbem;C:\WINDOWS\System32\WindowsPowerShell\v1.0\;C:\WINDOWS\System32\OpenSSH\;C:\Program Files\Microsoft SQL Server\Client SDK\ODBC\170\Tools\Binn\;C:\Program Files\dotnet\;C:\Program Files (x86)\Windows Kits\10\Windows Performance Toolkit\;C:\Program Files (x86)\Microsoft SQL Server\160\Tools\Binn\;C:\Program Files\Microsoft SQL Server\160\Tools\Binn\;C:\Program Files\Microsoft SQL Server\160\DTS\Binn\;C:\Program Files (x86)\Gpg4win\..\GnuPG\bin;C:\Program Files\Docker\Docker\resources\bin;C:\Program Files\nodejs\;C:\Program Files\Git\cmd;C:\Ruby32-x64\bin;C:\Users\rocic\AppData\Local\Microsoft\WindowsApps;C:\Users\rocic\.dotnet\tools;C:\Users\rocic\AppData\Roaming\npm;C:\Users\rocic\AppData\Local\Programs\Microsoft VS Code\bin" "gcc -Ic:/Ruby32-x64/include/ruby-3.2.0/x64-mingw-ucrt -Ic:/Ruby32-x64/include/ruby-3.2.0/ruby/backward -Ic:/Ruby32-x64/include/ruby-3.2.0 -I.  -DFD_SETSIZE=2048 -D_WIN32_WINNT=0x0600 -D__MINGW_USE_VC2005_COMPAT -D_FILE_OFFSET_BITS=64  -O3 -fno-fast-math -fstack-protector-strong -m64 -Wall -Werror -c conftest.c"
checked program was:
/* begin */
1: #include "ruby.h"
2: 
3: #include <winsock2.h>
4: #include <windows.h>
5: int main(int argc, char **argv)
6: {
7:   return !!argv[argc];
8: }
/* end */

--------------------

block in append_cflags: checking for whether -O3 is accepted as CFLAGS... -------------------- yes

PATH=".;c:/Ruby32-x64/lib;c:\Ruby32-x64\bin;c:\Ruby32-x64\msys64\ucrt64\bin;c:\Ruby32-x64\msys64\usr\bin;C:\Program Files\ImageMagick-7.1.2-Q16-HDRI;C:\windows\system32;C:\windows;C:\windows\System32\Wbem;C:\windows\System32\WindowsPowerShell\v1.0\;C:\windows\System32\OpenSSH\;C:\Program Files (x86)\NVIDIA Corporation\PhysX\Common;C:\Program Files\NVIDIA Corporation\NVIDIA NvDLISR;C:\Users\Administrator\AppData\Local\Microsoft\WindowsApps;C:\Program Files\HP\OMEN-Broadcast\Common;C:\WINDOWS\system32;C:\WINDOWS;C:\WINDOWS\System32\Wbem;C:\WINDOWS\System32\WindowsPowerShell\v1.0\;C:\WINDOWS\System32\OpenSSH\;C:\Program Files\Microsoft SQL Server\Client SDK\ODBC\170\Tools\Binn\;C:\Program Files\dotnet\;C:\Program Files (x86)\Windows Kits\10\Windows Performance Toolkit\;C:\Program Files (x86)\Microsoft SQL Server\160\Tools\Binn\;C:\Program Files\Microsoft SQL Server\160\Tools\Binn\;C:\Program Files\Microsoft SQL Server\160\DTS\Binn\;C:\Program Files (x86)\Gpg4win\..\GnuPG\bin;C:\Program Files\Docker\Docker\resources\bin;C:\Program Files\nodejs\;C:\Program Files\Git\cmd;C:\Ruby32-x64\bin;C:\Users\rocic\AppData\Local\Microsoft\WindowsApps;C:\Users\rocic\.dotnet\tools;C:\Users\rocic\AppData\Roaming\npm;C:\Users\rocic\AppData\Local\Programs\Microsoft VS Code\bin" "gcc -Ic:/Ruby32-x64/include/ruby-3.2.0/x64-mingw-ucrt -Ic:/Ruby32-x64/include/ruby-3.2.0/ruby/backward -Ic:/Ruby32-x64/include/ruby-3.2.0 -I.  -DFD_SETSIZE=2048 -D_WIN32_WINNT=0x0600 -D__MINGW_USE_VC2005_COMPAT -D_FILE_OFFSET_BITS=64  -O3 -fno-fast-math -fstack-protector-strong -Wall -m64 -O3 -Werror -c conftest.c"
checked program was:
/* begin */
1: #include "ruby.h"
2: 
3: #include <winsock2.h>
4: #include <windows.h>
5: int main(int argc, char **argv)
6: {
7:   return !!argv[argc];
8: }
/* end */

--------------------

block in append_cflags: checking for whether -pedantic is accepted as CFLAGS... -------------------- yes

PATH=".;c:/Ruby32-x64/lib;c:\Ruby32-x64\bin;c:\Ruby32-x64\msys64\ucrt64\bin;c:\Ruby32-x64\msys64\usr\bin;C:\Program Files\ImageMagick-7.1.2-Q16-HDRI;C:\windows\system32;C:\windows;C:\windows\System32\Wbem;C:\windows\System32\WindowsPowerShell\v1.0\;C:\windows\System32\OpenSSH\;C:\Program Files (x86)\NVIDIA Corporation\PhysX\Common;C:\Program Files\NVIDIA Corporation\NVIDIA NvDLISR;C:\Users\Administrator\AppData\Local\Microsoft\WindowsApps;C:\Program Files\HP\OMEN-Broadcast\Common;C:\WINDOWS\system32;C:\WINDOWS;C:\WINDOWS\System32\Wbem;C:\WINDOWS\System32\WindowsPowerShell\v1.0\;C:\WINDOWS\System32\OpenSSH\;C:\Program Files\Microsoft SQL Server\Client SDK\ODBC\170\Tools\Binn\;C:\Program Files\dotnet\;C:\Program Files (x86)\Windows Kits\10\Windows Performance Toolkit\;C:\Program Files (x86)\Microsoft SQL Server\160\Tools\Binn\;C:\Program Files\Microsoft SQL Server\160\Tools\Binn\;C:\Program Files\Microsoft SQL Server\160\DTS\Binn\;C:\Program Files (x86)\Gpg4win\..\GnuPG\bin;C:\Program Files\Docker\Docker\resources\bin;C:\Program Files\nodejs\;C:\Program Files\Git\cmd;C:\Ruby32-x64\bin;C:\Users\rocic\AppData\Local\Microsoft\WindowsApps;C:\Users\rocic\.dotnet\tools;C:\Users\rocic\AppData\Roaming\npm;C:\Users\rocic\AppData\Local\Programs\Microsoft VS Code\bin" "gcc -Ic:/Ruby32-x64/include/ruby-3.2.0/x64-mingw-ucrt -Ic:/Ruby32-x64/include/ruby-3.2.0/ruby/backward -Ic:/Ruby32-x64/include/ruby-3.2.0 -I.  -DFD_SETSIZE=2048 -D_WIN32_WINNT=0x0600 -D__MINGW_USE_VC2005_COMPAT -D_FILE_OFFSET_BITS=64  -O3 -fno-fast-math -fstack-protector-strong -Wall -O3 -m64 -pedantic -Werror -c conftest.c"
checked program was:
/* begin */
1: #include "ruby.h"
2: 
3: #include <winsock2.h>
4: #include <windows.h>
5: int main(int argc, char **argv)
6: {
7:   return !!argv[argc];
8: }
/* end */

--------------------

block in append_cflags: checking for whether -std=c99 is accepted as CFLAGS... -------------------- no

PATH=".;c:/Ruby32-x64/lib;c:\Ruby32-x64\bin;c:\Ruby32-x64\msys64\ucrt64\bin;c:\Ruby32-x64\msys64\usr\bin;C:\Program Files\ImageMagick-7.1.2-Q16-HDRI;C:\windows\system32;C:\windows;C:\windows\System32\Wbem;C:\windows\System32\WindowsPowerShell\v1.0\;C:\windows\System32\OpenSSH\;C:\Program Files (x86)\NVIDIA Corporation\PhysX\Common;C:\Program Files\NVIDIA Corporation\NVIDIA NvDLISR;C:\Users\Administrator\AppData\Local\Microsoft\WindowsApps;C:\Program Files\HP\OMEN-Broadcast\Common;C:\WINDOWS\system32;C:\WINDOWS;C:\WINDOWS\System32\Wbem;C:\WINDOWS\System32\WindowsPowerShell\v1.0\;C:\WINDOWS\System32\OpenSSH\;C:\Program Files\Microsoft SQL Server\Client SDK\ODBC\170\Tools\Binn\;C:\Program Files\dotnet\;C:\Program Files (x86)\Windows Kits\10\Windows Performance Toolkit\;C:\Program Files (x86)\Microsoft SQL Server\160\Tools\Binn\;C:\Program Files\Microsoft SQL Server\160\Tools\Binn\;C:\Program Files\Microsoft SQL Server\160\DTS\Binn\;C:\Program Files (x86)\Gpg4win\..\GnuPG\bin;C:\Program Files\Docker\Docker\resources\bin;C:\Program Files\nodejs\;C:\Program Files\Git\cmd;C:\Ruby32-x64\bin;C:\Users\rocic\AppData\Local\Microsoft\WindowsApps;C:\Users\rocic\.dotnet\tools;C:\Users\rocic\AppData\Roaming\npm;C:\Users\rocic\AppData\Local\Programs\Microsoft VS Code\bin" "gcc -Ic:/Ruby32-x64/include/ruby-3.2.0/x64-mingw-ucrt -Ic:/Ruby32-x64/include/ruby-3.2.0/ruby/backward -Ic:/Ruby32-x64/include/ruby-3.2.0 -I.  -DFD_SETSIZE=2048 -D_WIN32_WINNT=0x0600 -D__MINGW_USE_VC2005_COMPAT -D_FILE_OFFSET_BITS=64  -O3 -fno-fast-math -fstack-protector-strong -Wall -O3 -pedantic -m64 -std=c99 -Werror -c conftest.c"
In file included from c:/Ruby32-x64/include/ruby-3.2.0/ruby/ruby.h:15,
                 from c:/Ruby32-x64/include/ruby-3.2.0/ruby.h:38,
                 from conftest.c:1:
c:/Ruby32-x64/include/ruby-3.2.0/ruby/internal/config.h:139:50: error: '__VA_OPT__' is not available until C23 [-Werror=pedantic]
  139 | # define RBIMPL_TEST2(...)          RBIMPL_TEST3(__VA_OPT__(,),1,0,0)
      |                                                  ^
In file included from c:/Ruby32-x64/include/ruby-3.2.0/ruby/internal/xmalloc.h:34,
                 from c:/Ruby32-x64/include/ruby-3.2.0/ruby/defines.h:71,
                 from c:/Ruby32-x64/include/ruby-3.2.0/ruby/ruby.h:25:
c:/Ruby32-x64/include/ruby-3.2.0/ruby/internal/attr/nodiscard.h:35:34: error: ISO C does not support '[[]]' attributes before C23 [-Werror=pedantic]
   35 | # define RBIMPL_ATTR_NODISCARD() [[nodiscard]]
      |                                  ^
c:/Ruby32-x64/include/ruby-3.2.0/ruby/internal/xmalloc.h:62:1: note: in expansion of macro 'RBIMPL_ATTR_NODISCARD'
   62 | RBIMPL_ATTR_NODISCARD()
      | ^~~~~~~~~~~~~~~~~~~~~
c:/Ruby32-x64/include/ruby-3.2.0/ruby/internal/attr/nodiscard.h:35:34: error: ISO C does not support '[[]]' attributes before C23 [-Werror=pedantic]
   35 | # define RBIMPL_ATTR_NODISCARD() [[nodiscard]]
      |                                  ^
c:/Ruby32-x64/include/ruby-3.2.0/ruby/internal/xmalloc.h:90:1: note: in expansion of macro 'RBIMPL_ATTR_NODISCARD'
   90 | RBIMPL_ATTR_NODISCARD()
      | ^~~~~~~~~~~~~~~~~~~~~
c:/Ruby32-x64/include/ruby-3.2.0/ruby/internal/attr/nodiscard.h:35:34: error: ISO C does not support '[[]]' attributes before C23 [-Werror=pedantic]
   35 | # define RBIMPL_ATTR_NODISCARD() [[nodiscard]]
      |                                  ^
c:/Ruby32-x64/include/ruby-3.2.0/ruby/internal/xmalloc.h:121:1: note: in expansion of macro 'RBIMPL_ATTR_NODISCARD'
  121 | RBIMPL_ATTR_NODISCARD()
      | ^~~~~~~~~~~~~~~~~~~~~
c:/Ruby32-x64/include/ruby-3.2.0/ruby/internal/attr/nodiscard.h:35:34: error: ISO C does not support '[[]]' attributes before C23 [-Werror=pedantic]
   35 | # define RBIMPL_ATTR_NODISCARD() [[nodiscard]]
      |                                  ^
c:/Ruby32-x64/include/ruby-3.2.0/ruby/internal/xmalloc.h:151:1: note: in expansion of macro 'RBIMPL_ATTR_NODISCARD'
  151 | RBIMPL_ATTR_NODISCARD()
      | ^~~~~~~~~~~~~~~~~~~~~
c:/Ruby32-x64/include/ruby-3.2.0/ruby/internal/attr/nodiscard.h:35:34: error: ISO C does not support '[[]]' attributes before C23 [-Werror=pedantic]
   35 | # define RBIMPL_ATTR_NODISCARD() [[nodiscard]]
      |                                  ^
c:/Ruby32-x64/include/ruby-3.2.0/ruby/internal/xmalloc.h:197:1: note: in expansion of macro 'RBIMPL_ATTR_NODISCARD'
  197 | RBIMPL_ATTR_NODISCARD()
      | ^~~~~~~~~~~~~~~~~~~~~
In file included from c:/Ruby32-x64/include/ruby-3.2.0/ruby/backward/2/attributes.h:38,
                 from c:/Ruby32-x64/include/ruby-3.2.0/ruby/defines.h:73:
c:/Ruby32-x64/include/ruby-3.2.0/ruby/internal/attr/maybe_unused.h:31:37: error: ISO C does not support '[[]]' attributes before C23 [-Werror=pedantic]
   31 | # define RBIMPL_ATTR_MAYBE_UNUSED() [[maybe_unused]]
      |                                     ^
c:/Ruby32-x64/include/ruby-3.2.0/ruby/internal/rgengc.h:365:5: note: in expansion of macro 'RBIMPL_ATTR_MAYBE_UNUSED'
  365 |     RBIMPL_ATTR_MAYBE_UNUSED()
      |     ^~~~~~~~~~~~~~~~~~~~~~~~
c:/Ruby32-x64/include/ruby-3.2.0/ruby/internal/attr/maybe_unused.h:31:37: error: ISO C does not support '[[]]' attributes before C23 [-Werror=pedantic]
   31 | # define RBIMPL_ATTR_MAYBE_UNUSED() [[maybe_unused]]
      |                                     ^
c:/Ruby32-x64/include/ruby-3.2.0/ruby/internal/rgengc.h:367:5: note: in expansion of macro 'RBIMPL_ATTR_MAYBE_UNUSED'
  367 |     RBIMPL_ATTR_MAYBE_UNUSED()
      |     ^~~~~~~~~~~~~~~~~~~~~~~~
c:/Ruby32-x64/include/ruby-3.2.0/ruby/internal/attr/maybe_unused.h:31:37: error: ISO C does not support '[[]]' attributes before C23 [-Werror=pedantic]
   31 | # define RBIMPL_ATTR_MAYBE_UNUSED() [[maybe_unused]]
      |                                     ^
c:/Ruby32-x64/include/ruby-3.2.0/ruby/internal/rgengc.h:393:5: note: in expansion of macro 'RBIMPL_ATTR_MAYBE_UNUSED'
  393 |     RBIMPL_ATTR_MAYBE_UNUSED()
      |     ^~~~~~~~~~~~~~~~~~~~~~~~
c:/Ruby32-x64/include/ruby-3.2.0/ruby/internal/attr/maybe_unused.h:31:37: error: ISO C does not support '[[]]' attributes before C23 [-Werror=pedantic]
   31 | # define RBIMPL_ATTR_MAYBE_UNUSED() [[maybe_unused]]
      |                                     ^
c:/Ruby32-x64/include/ruby-3.2.0/ruby/internal/rgengc.h:396:5: note: in expansion of macro 'RBIMPL_ATTR_MAYBE_UNUSED'
  396 |     RBIMPL_ATTR_MAYBE_UNUSED()
      |     ^~~~~~~~~~~~~~~~~~~~~~~~
c:/Ruby32-x64/include/ruby-3.2.0/ruby/internal/attr/maybe_unused.h:31:37: error: ISO C does not support '[[]]' attributes before C23 [-Werror=pedantic]
   31 | # define RBIMPL_ATTR_MAYBE_UNUSED() [[maybe_unused]]
      |                                     ^
c:/Ruby32-x64/include/ruby-3.2.0/ruby/internal/rgengc.h:398:5: note: in expansion of macro 'RBIMPL_ATTR_MAYBE_UNUSED'
  398 |     RBIMPL_ATTR_MAYBE_UNUSED()
      |     ^~~~~~~~~~~~~~~~~~~~~~~~
c:/Ruby32-x64/include/ruby-3.2.0/ruby/internal/attr/maybe_unused.h:31:37: error: ISO C does not support '[[]]' attributes before C23 [-Werror=pedantic]
   31 | # define RBIMPL_ATTR_MAYBE_UNUSED() [[maybe_unused]]
      |                                     ^
c:/Ruby32-x64/include/ruby-3.2.0/ruby/internal/rgengc.h:428:5: note: in expansion of macro 'RBIMPL_ATTR_MAYBE_UNUSED'
  428 |     RBIMPL_ATTR_MAYBE_UNUSED()
      |     ^~~~~~~~~~~~~~~~~~~~~~~~
c:/Ruby32-x64/include/ruby-3.2.0/ruby/internal/attr/maybe_unused.h:31:37: error: ISO C does not support '[[]]' attributes before C23 [-Werror=pedantic]
   31 | # define RBIMPL_ATTR_MAYBE_UNUSED() [[maybe_unused]]
      |                                     ^
c:/Ruby32-x64/include/ruby-3.2.0/ruby/internal/rgengc.h:430:5: note: in expansion of macro 'RBIMPL_ATTR_MAYBE_UNUSED'
  430 |     RBIMPL_ATTR_MAYBE_UNUSED()
      |     ^~~~~~~~~~~~~~~~~~~~~~~~
c:/Ruby32-x64/include/ruby-3.2.0/ruby/internal/attr/maybe_unused.h:31:37: error: ISO C does not support '[[]]' attributes before C23 [-Werror=pedantic]
   31 | # define RBIMPL_ATTR_MAYBE_UNUSED() [[maybe_unused]]
      |                                     ^
c:/Ruby32-x64/include/ruby-3.2.0/ruby/internal/core/rarray.h:437:24: note: in expansion of macro 'RBIMPL_ATTR_MAYBE_UNUSED'
  437 |                        RBIMPL_ATTR_MAYBE_UNUSED()
      |                        ^~~~~~~~~~~~~~~~~~~~~~~~
c:/Ruby32-x64/include/ruby-3.2.0/ruby/internal/attr/maybe_unused.h:31:37: error: ISO C does not support '[[]]' attributes before C23 [-Werror=pedantic]
   31 | # define RBIMPL_ATTR_MAYBE_UNUSED() [[maybe_unused]]
      |                                     ^
c:/Ruby32-x64/include/ruby-3.2.0/ruby/internal/core/rarray.h:464:22: note: in expansion of macro 'RBIMPL_ATTR_MAYBE_UNUSED'
  464 |                      RBIMPL_ATTR_MAYBE_UNUSED()
      |                      ^~~~~~~~~~~~~~~~~~~~~~~~
c:/Ruby32-x64/include/ruby-3.2.0/ruby/internal/attr/maybe_unused.h:31:37: error: ISO C does not support '[[]]' attributes before C23 [-Werror=pedantic]
   31 | # define RBIMPL_ATTR_MAYBE_UNUSED() [[maybe_unused]]
      |                                     ^
c:/Ruby32-x64/include/ruby-3.2.0/ruby/backward/2/attributes.h:163:28: note: in expansion of macro 'RBIMPL_ATTR_MAYBE_UNUSED'
  163 | #define RB_UNUSED_VAR(x) x RBIMPL_ATTR_MAYBE_UNUSED()
      |                            ^~~~~~~~~~~~~~~~~~~~~~~~
c:/Ruby32-x64/include/ruby-3.2.0/ruby/internal/scan_args.h:391:33: note: in expansion of macro 'RB_UNUSED_VAR'
  391 |                  VALUE *vars[], RB_UNUSED_VAR(const char *fmt), RB_UNUSED_VAR(int varc))
      |                                 ^~~~~~~~~~~~~
c:/Ruby32-x64/include/ruby-3.2.0/ruby/internal/attr/maybe_unused.h:31:37: error: ISO C does not support '[[]]' attributes before C23 [-Werror=pedantic]
   31 | # define RBIMPL_ATTR_MAYBE_UNUSED() [[maybe_unused]]
      |                                     ^
c:/Ruby32-x64/include/ruby-3.2.0/ruby/backward/2/attributes.h:163:28: note: in expansion of macro 'RBIMPL_ATTR_MAYBE_UNUSED'
  163 | #define RB_UNUSED_VAR(x) x RBIMPL_ATTR_MAYBE_UNUSED()
      |                            ^~~~~~~~~~~~~~~~~~~~~~~~
c:/Ruby32-x64/include/ruby-3.2.0/ruby/internal/scan_args.h:391:65: note: in expansion of macro 'RB_UNUSED_VAR'
  391 |                  VALUE *vars[], RB_UNUSED_VAR(const char *fmt), RB_UNUSED_VAR(int varc))
      |                                                                 ^~~~~~~~~~~~~
In file included from c:/Ruby32-x64/include/ruby-3.2.0/ruby/ruby.h:47:
c:/Ruby32-x64/include/ruby-3.2.0/ruby/internal/scan_args.h:502:41: error: '__VA_OPT__' is not available until C23 [-Werror=pedantic]
  502 |         (rb_scan_args)(argc, argvp, fmt __VA_OPT__(, __VA_ARGS__)))
      |                                         ^
c:/Ruby32-x64/include/ruby-3.2.0/ruby/internal/scan_args.h:510:53: error: '__VA_OPT__' is not available until C23 [-Werror=pedantic]
  510 |         (rb_scan_args_kw)(kw_flag, argc, argvp, fmt __VA_OPT__(, __VA_ARGS__)))
      |                                                     ^
cc1.exe: all warnings being treated as errors
checked program was:
/* begin */
1: #include "ruby.h"
2: 
3: #include <winsock2.h>
4: #include <windows.h>
5: int main(int argc, char **argv)
6: {
7:   return !!argv[argc];
8: }
/* end */

--------------------

